<?xml version="1.0" encoding="UTF-8"?>
<testsuite xmlns:xsi="http://www.w3.org/2001/XMLSchema-instance" xsi:noNamespaceSchemaLocation="https://maven.apache.org/surefire/maven-failsafe-plugin/xsd/failsafe-test-report-3.0.xsd" version="3.0" name="STARTER.CucumberTestSuite" time="4.462" tests="4" errors="0" skipped="0" failures="0">
  <properties>
[...]
</properties>
  <testcase name="Create a Text Post" classname="Create Post" time="1.085">
    <system-out><![CDATA[11:33:40.808 [main] DEBUG io.cucumber.core.plugin.SerenityReporter - SRP:handleTestRunStarted Thread[#1,main,5,main] 
11:33:41.372 [main] DEBUG io.cucumber.core.plugin.SerenityReporter - SRP:handleTestSourceRead Thread[#1,main,5,main]
11:33:41.387 [main] DEBUG io.cucumber.core.plugin.SerenityReporter - Running feature from classpath:features/HomePage.feature
11:33:41.520 [main] INFO  - 

-------------------------------------------------------------------------------------
     _______. _______ .______       _______ .__   __.  __  .___________.____    ____ 
    /       ||   ____||   _  \     |   ____||  \ |  | |  | |           |\   \  /   / 
   |   (----`|  |__   |  |_)  |    |  |__   |   \|  | |  | `---|  |----` \   \/   /  
    \   \    |   __|  |      /     |   __|  |  . `  | |  |     |  |       \_    _/   
.----)   |   |  |____ |  |\  \----.|  |____ |  |\   | |  |     |  |         |  |     
|_______/    |_______|| _| `._____||_______||__| \__| |__|     |__|         |__|    
                                                                                     
 News and tutorials at https://serenity-bdd.info                                     
 Documentation at https://serenity-bdd.github.io                                     
 Test Automation Training and Coaching: https://www.serenity-dojo.com                
 Commercial Support: https://www.serenity-dojo.com/serenity-bdd-enterprise-support   
 Join the Serenity Community on Gitter: https://gitter.im/serenity-bdd/serenity-core 
-------------------------------------------------------------------------------------

11:33:41.546 [main] DEBUG net.thucydides.core.steps.StepEventBus - Test suite started for story net.thucydides.model.domain.Story@d55db36b
11:33:41.552 [main] INFO  - Test Suite Started: Create Post
11:33:41.901 [main] DEBUG io.cucumber.core.plugin.SerenityReporter - SRP:handleTestCaseStarted classpath:features/HomePage.feature Thread[#1,main,5,main] ea39e89f-f2ee-4b5a-bf7c-4ea4dc1d6a6a at line 6
11:33:41.901 [main] DEBUG net.thucydides.core.steps.session.TestSession - SRP:SessionStart: id ea39e89f-f2ee-4b5a-bf7c-4ea4dc1d6a6a
11:33:41.917 [main] DEBUG io.cucumber.core.plugin.SerenityReporter - Running feature from classpath:features/HomePage.feature
11:33:41.920 [main] DEBUG io.cucumber.core.plugin.ScenarioContextParallel - SRP:addHighPriorityStepEventBusEvent net.thucydides.core.steps.events.SetTestSourceEvent@2b4c3c29 Thread[#1,main,5,main] Create Post;create-a-text-post
11:33:41.920 [main] DEBUG io.cucumber.core.plugin.SerenityReporter - SRP:startScenario classpath:features/HomePage.feature Thread[#1,main,5,main] ea39e89f-f2ee-4b5a-bf7c-4ea4dc1d6a6a at line 6
11:33:41.935 [main] DEBUG io.cucumber.core.plugin.ScenarioContextParallel - SRP:addHighPriorityStepEventBusEvent EventBusEvent TEST_STARTED_EVENT with name Create a Text Post create-post;create-a-text-post Thread[#1,main,5,main] Create Post;create-a-text-post
11:33:41.935 [main] DEBUG net.thucydides.core.steps.session.TestSession - SRP:SessionAddEvent: id ea39e89f-f2ee-4b5a-bf7c-4ea4dc1d6a6a net.thucydides.core.steps.events.AddDescriptionToCurrentTestEvent@1698d7c0
11:33:41.951 [main] DEBUG net.thucydides.core.steps.session.TestSession - SRP:SessionAddEvent: id ea39e89f-f2ee-4b5a-bf7c-4ea4dc1d6a6a EventBusEvent ADD_TAGS_TO_CURRENT_TEST_EVENT []
11:33:41.951 [main] DEBUG net.thucydides.core.steps.session.TestSession - SRP:SessionAddEvent: id ea39e89f-f2ee-4b5a-bf7c-4ea4dc1d6a6a EventBusEvent ADD_TAGS_TO_CURRENT_TEST_EVENT []
11:33:41.951 [main] DEBUG net.thucydides.core.steps.session.TestSession - SRP:SessionAddEvent: id ea39e89f-f2ee-4b5a-bf7c-4ea4dc1d6a6a EventBusEvent ADD_TAGS_TO_CURRENT_TEST_EVENT []

Scenario: Create a Text Post                                      &amp#27;[90m# features/HomePage.feature:6&amp#27;[0m
11:33:41.970 [main] DEBUG io.cucumber.core.plugin.SerenityReporter - Running feature from classpath:features/HomePage.feature
11:33:41.970 [main] DEBUG io.cucumber.core.plugin.SerenityReporter - SRP:handleTestStepStarted  classpath:features/HomePage.feature Thread[#1,main,5,main] ea39e89f-f2ee-4b5a-bf7c-4ea4dc1d6a6a at line 6
11:33:41.985 [main] DEBUG net.thucydides.core.steps.session.TestSession - SRP:SessionAddEvent: id ea39e89f-f2ee-4b5a-bf7c-4ea4dc1d6a6a EventBusEvent STEP_STARTED_EVENT Given I am on the LinkedIn homepage Given I am on the LinkedIn homepage
11:33:41.985 [main] DEBUG net.thucydides.core.steps.session.TestSession - SRP:SessionAddEvent: id ea39e89f-f2ee-4b5a-bf7c-4ea4dc1d6a6a net.thucydides.core.steps.events.UpdateCurrentStepTitleEvent@652ce654
11:33:42.717 [main] DEBUG io.cucumber.core.plugin.SerenityReporter - SRP:handleTestStepFinished  classpath:features/HomePage.feature Thread[#1,main,5,main] ea39e89f-f2ee-4b5a-bf7c-4ea4dc1d6a6a at line 6
11:33:42.717 [main] DEBUG io.cucumber.core.plugin.SerenityReporter - Running feature from classpath:features/HomePage.feature
11:33:42.801 [main] DEBUG net.thucydides.core.steps.session.TestSession - SRP:SessionAddEvent: id ea39e89f-f2ee-4b5a-bf7c-4ea4dc1d6a6a net.serenitybdd.cucumber.events.StepFinishedWithResultEvent@422b8438
  &amp#27;[32mGiven &amp#27;[0m&amp#27;[32mI am on the LinkedIn homepage&amp#27;[0m                             &amp#27;[90m# STARTER.stepdefinition.HomePageSteps.onLinkedInHomePage()&amp#27;[0m
11:33:42.807 [main] DEBUG io.cucumber.core.plugin.SerenityReporter - Running feature from classpath:features/HomePage.feature
11:33:42.807 [main] DEBUG io.cucumber.core.plugin.SerenityReporter - SRP:handleTestStepStarted  classpath:features/HomePage.feature Thread[#1,main,5,main] ea39e89f-f2ee-4b5a-bf7c-4ea4dc1d6a6a at line 6
11:33:42.812 [main] DEBUG net.thucydides.core.steps.session.TestSession - SRP:SessionAddEvent: id ea39e89f-f2ee-4b5a-bf7c-4ea4dc1d6a6a EventBusEvent STEP_STARTED_EVENT When I click on the "Start a post" field When I click on the "Start a post" field
11:33:42.812 [main] DEBUG net.thucydides.core.steps.session.TestSession - SRP:SessionAddEvent: id ea39e89f-f2ee-4b5a-bf7c-4ea4dc1d6a6a net.thucydides.core.steps.events.UpdateCurrentStepTitleEvent@69fa8e76
11:33:42.813 [main] DEBUG io.cucumber.core.plugin.SerenityReporter - SRP:handleTestStepFinished  classpath:features/HomePage.feature Thread[#1,main,5,main] ea39e89f-f2ee-4b5a-bf7c-4ea4dc1d6a6a at line 6
11:33:42.813 [main] DEBUG io.cucumber.core.plugin.SerenityReporter - Running feature from classpath:features/HomePage.feature
11:33:42.813 [main] DEBUG net.thucydides.core.steps.session.TestSession - SRP:SessionAddEvent: id ea39e89f-f2ee-4b5a-bf7c-4ea4dc1d6a6a net.serenitybdd.cucumber.events.StepFinishedWithResultEvent@bdd2027
  &amp#27;[32mWhen &amp#27;[0m&amp#27;[32mI click on the "Start a post" field&amp#27;[0m                        &amp#27;[90m# STARTER.stepdefinition.HomePageSteps.clickStartAPostField()&amp#27;[0m
11:33:42.813 [main] DEBUG io.cucumber.core.plugin.SerenityReporter - Running feature from classpath:features/HomePage.feature
11:33:42.813 [main] DEBUG io.cucumber.core.plugin.SerenityReporter - SRP:handleTestStepStarted  classpath:features/HomePage.feature Thread[#1,main,5,main] ea39e89f-f2ee-4b5a-bf7c-4ea4dc1d6a6a at line 6
11:33:42.813 [main] DEBUG net.thucydides.core.steps.session.TestSession - SRP:SessionAddEvent: id ea39e89f-f2ee-4b5a-bf7c-4ea4dc1d6a6a EventBusEvent STEP_STARTED_EVENT And I enter text content for my post And I enter text content for my post
11:33:42.813 [main] DEBUG net.thucydides.core.steps.session.TestSession - SRP:SessionAddEvent: id ea39e89f-f2ee-4b5a-bf7c-4ea4dc1d6a6a net.thucydides.core.steps.events.UpdateCurrentStepTitleEvent@31f20c9f
11:33:42.813 [main] DEBUG io.cucumber.core.plugin.SerenityReporter - SRP:handleTestStepFinished  classpath:features/HomePage.feature Thread[#1,main,5,main] ea39e89f-f2ee-4b5a-bf7c-4ea4dc1d6a6a at line 6
11:33:42.813 [main] DEBUG io.cucumber.core.plugin.SerenityReporter - Running feature from classpath:features/HomePage.feature
11:33:42.817 [main] DEBUG net.thucydides.core.steps.session.TestSession - SRP:SessionAddEvent: id ea39e89f-f2ee-4b5a-bf7c-4ea4dc1d6a6a net.serenitybdd.cucumber.events.StepFinishedWithResultEvent@f446158
  &amp#27;[32mAnd &amp#27;[0m&amp#27;[32mI enter text content for my post&amp#27;[0m                            &amp#27;[90m# STARTER.stepdefinition.HomePageSteps.enterPostTextContent()&amp#27;[0m
11:33:42.818 [main] DEBUG io.cucumber.core.plugin.SerenityReporter - Running feature from classpath:features/HomePage.feature
11:33:42.819 [main] DEBUG io.cucumber.core.plugin.SerenityReporter - SRP:handleTestStepStarted  classpath:features/HomePage.feature Thread[#1,main,5,main] ea39e89f-f2ee-4b5a-bf7c-4ea4dc1d6a6a at line 6
11:33:42.819 [main] DEBUG net.thucydides.core.steps.session.TestSession - SRP:SessionAddEvent: id ea39e89f-f2ee-4b5a-bf7c-4ea4dc1d6a6a EventBusEvent STEP_STARTED_EVENT When I click the "Post" button When I click the "Post" button
11:33:42.819 [main] DEBUG net.thucydides.core.steps.session.TestSession - SRP:SessionAddEvent: id ea39e89f-f2ee-4b5a-bf7c-4ea4dc1d6a6a net.thucydides.core.steps.events.UpdateCurrentStepTitleEvent@32f0c7f8
11:33:42.821 [main] DEBUG io.cucumber.core.plugin.SerenityReporter - SRP:handleTestStepFinished  classpath:features/HomePage.feature Thread[#1,main,5,main] ea39e89f-f2ee-4b5a-bf7c-4ea4dc1d6a6a at line 6
11:33:42.821 [main] DEBUG io.cucumber.core.plugin.SerenityReporter - Running feature from classpath:features/HomePage.feature
11:33:42.821 [main] DEBUG net.thucydides.core.steps.session.TestSession - SRP:SessionAddEvent: id ea39e89f-f2ee-4b5a-bf7c-4ea4dc1d6a6a net.serenitybdd.cucumber.events.StepFinishedWithResultEvent@504e1599
  &amp#27;[32mWhen &amp#27;[0m&amp#27;[32mI click the "Post" button&amp#27;[0m                                  &amp#27;[90m# STARTER.stepdefinition.HomePageSteps.clickPostButton()&amp#27;[0m
11:33:42.821 [main] DEBUG io.cucumber.core.plugin.SerenityReporter - Running feature from classpath:features/HomePage.feature
11:33:42.821 [main] DEBUG io.cucumber.core.plugin.SerenityReporter - SRP:handleTestStepStarted  classpath:features/HomePage.feature Thread[#1,main,5,main] ea39e89f-f2ee-4b5a-bf7c-4ea4dc1d6a6a at line 6
11:33:42.821 [main] DEBUG net.thucydides.core.steps.session.TestSession - SRP:SessionAddEvent: id ea39e89f-f2ee-4b5a-bf7c-4ea4dc1d6a6a EventBusEvent STEP_STARTED_EVENT Then My text post is successfully published on my LinkedIn feed Then My text post is successfully published on my LinkedIn feed
11:33:42.821 [main] DEBUG net.thucydides.core.steps.session.TestSession - SRP:SessionAddEvent: id ea39e89f-f2ee-4b5a-bf7c-4ea4dc1d6a6a net.thucydides.core.steps.events.UpdateCurrentStepTitleEvent@71f96dfb
11:33:42.821 [main] DEBUG io.cucumber.core.plugin.SerenityReporter - SRP:handleTestStepFinished  classpath:features/HomePage.feature Thread[#1,main,5,main] ea39e89f-f2ee-4b5a-bf7c-4ea4dc1d6a6a at line 6
11:33:42.821 [main] DEBUG io.cucumber.core.plugin.SerenityReporter - Running feature from classpath:features/HomePage.feature
11:33:42.821 [main] DEBUG net.thucydides.core.steps.session.TestSession - SRP:SessionAddEvent: id ea39e89f-f2ee-4b5a-bf7c-4ea4dc1d6a6a net.serenitybdd.cucumber.events.StepFinishedWithResultEvent@5d1b9c3d
  &amp#27;[32mThen &amp#27;[0m&amp#27;[32mMy text post is successfully published on my LinkedIn feed&amp#27;[0m &amp#27;[90m# STARTER.stepdefinition.HomePageSteps.verifyPostPublished()&amp#27;[0m
11:33:42.821 [main] DEBUG io.cucumber.core.plugin.SerenityReporter - SRP:handleTestCaseFinished  classpath:features/HomePage.feature Thread[#1,main,5,main] ea39e89f-f2ee-4b5a-bf7c-4ea4dc1d6a6a at line 6
11:33:42.821 [main] DEBUG io.cucumber.core.plugin.SerenityReporter - Running feature from classpath:features/HomePage.feature
11:33:42.821 [main] DEBUG net.thucydides.core.steps.session.TestSession - SRP:SessionAddEvent: id ea39e89f-f2ee-4b5a-bf7c-4ea4dc1d6a6a EventBusEvent TEST_FINISHED_EVENT  false scenario Create Post;create-a-text-post
11:33:42.821 [main] DEBUG net.thucydides.core.steps.session.TestSession - SRP:SessionEnd: id ea39e89f-f2ee-4b5a-bf7c-4ea4dc1d6a6a
]]></system-out>
  </testcase>
  <testcase name="Cancel Post Creation" classname="Create Post" time="0.049">
    <system-out><![CDATA[11:33:42.852 [main] DEBUG io.cucumber.core.plugin.SerenityReporter - SRP:handleTestCaseStarted classpath:features/HomePage.feature Thread[#1,main,5,main] 5cde3d71-d034-4e21-8867-50efe641618b at line 13
11:33:42.867 [main] DEBUG net.thucydides.core.steps.session.TestSession - SRP:SessionStart: id 5cde3d71-d034-4e21-8867-50efe641618b
11:33:42.867 [main] DEBUG io.cucumber.core.plugin.SerenityReporter - Running feature from classpath:features/HomePage.feature
11:33:42.870 [main] DEBUG io.cucumber.core.plugin.ScenarioContextParallel - SRP:addHighPriorityStepEventBusEvent net.thucydides.core.steps.events.SetTestSourceEvent@c6da8bb Thread[#1,main,5,main] Create Post;cancel-post-creation
11:33:42.870 [main] DEBUG io.cucumber.core.plugin.SerenityReporter - SRP:startScenario classpath:features/HomePage.feature Thread[#1,main,5,main] 5cde3d71-d034-4e21-8867-50efe641618b at line 13
11:33:42.870 [main] DEBUG io.cucumber.core.plugin.ScenarioContextParallel - SRP:addHighPriorityStepEventBusEvent EventBusEvent TEST_STARTED_EVENT with name Cancel Post Creation create-post;cancel-post-creation Thread[#1,main,5,main] Create Post;cancel-post-creation
11:33:42.870 [main] DEBUG net.thucydides.core.steps.session.TestSession - SRP:SessionAddEvent: id 5cde3d71-d034-4e21-8867-50efe641618b net.thucydides.core.steps.events.AddDescriptionToCurrentTestEvent@3bae64d0
11:33:42.870 [main] DEBUG net.thucydides.core.steps.session.TestSession - SRP:SessionAddEvent: id 5cde3d71-d034-4e21-8867-50efe641618b EventBusEvent ADD_TAGS_TO_CURRENT_TEST_EVENT []
11:33:42.870 [main] DEBUG net.thucydides.core.steps.session.TestSession - SRP:SessionAddEvent: id 5cde3d71-d034-4e21-8867-50efe641618b EventBusEvent ADD_TAGS_TO_CURRENT_TEST_EVENT []
11:33:42.870 [main] DEBUG net.thucydides.core.steps.session.TestSession - SRP:SessionAddEvent: id 5cde3d71-d034-4e21-8867-50efe641618b EventBusEvent ADD_TAGS_TO_CURRENT_TEST_EVENT []

Scenario: Cancel Post Creation                                                                 &amp#27;[90m# features/HomePage.feature:13&amp#27;[0m
11:33:42.875 [main] DEBUG io.cucumber.core.plugin.SerenityReporter - Running feature from classpath:features/HomePage.feature
11:33:42.875 [main] DEBUG io.cucumber.core.plugin.SerenityReporter - SRP:handleTestStepStarted  classpath:features/HomePage.feature Thread[#1,main,5,main] 5cde3d71-d034-4e21-8867-50efe641618b at line 13
11:33:42.875 [main] DEBUG net.thucydides.core.steps.session.TestSession - SRP:SessionAddEvent: id 5cde3d71-d034-4e21-8867-50efe641618b EventBusEvent STEP_STARTED_EVENT Given I am on the LinkedIn homepage Given I am on the LinkedIn homepage
11:33:42.875 [main] DEBUG net.thucydides.core.steps.session.TestSession - SRP:SessionAddEvent: id 5cde3d71-d034-4e21-8867-50efe641618b net.thucydides.core.steps.events.UpdateCurrentStepTitleEvent@3874b815
11:33:42.875 [main] DEBUG io.cucumber.core.plugin.SerenityReporter - SRP:handleTestStepFinished  classpath:features/HomePage.feature Thread[#1,main,5,main] 5cde3d71-d034-4e21-8867-50efe641618b at line 13
11:33:42.875 [main] DEBUG io.cucumber.core.plugin.SerenityReporter - Running feature from classpath:features/HomePage.feature
11:33:42.875 [main] DEBUG net.thucydides.core.steps.session.TestSession - SRP:SessionAddEvent: id 5cde3d71-d034-4e21-8867-50efe641618b net.serenitybdd.cucumber.events.StepFinishedWithResultEvent@47b179d7
  &amp#27;[32mGiven &amp#27;[0m&amp#27;[32mI am on the LinkedIn homepage&amp#27;[0m                                                          &amp#27;[90m# STARTER.stepdefinition.HomePageSteps.onLinkedInHomePage()&amp#27;[0m
11:33:42.875 [main] DEBUG io.cucumber.core.plugin.SerenityReporter - Running feature from classpath:features/HomePage.feature
11:33:42.875 [main] DEBUG io.cucumber.core.plugin.SerenityReporter - SRP:handleTestStepStarted  classpath:features/HomePage.feature Thread[#1,main,5,main] 5cde3d71-d034-4e21-8867-50efe641618b at line 13
11:33:42.882 [main] DEBUG net.thucydides.core.steps.session.TestSession - SRP:SessionAddEvent: id 5cde3d71-d034-4e21-8867-50efe641618b EventBusEvent STEP_STARTED_EVENT When I click on the "Start a post" field When I click on the "Start a post" field
11:33:42.882 [main] DEBUG net.thucydides.core.steps.session.TestSession - SRP:SessionAddEvent: id 5cde3d71-d034-4e21-8867-50efe641618b net.thucydides.core.steps.events.UpdateCurrentStepTitleEvent@39008c9f
11:33:42.882 [main] DEBUG io.cucumber.core.plugin.SerenityReporter - SRP:handleTestStepFinished  classpath:features/HomePage.feature Thread[#1,main,5,main] 5cde3d71-d034-4e21-8867-50efe641618b at line 13
11:33:42.882 [main] DEBUG io.cucumber.core.plugin.SerenityReporter - Running feature from classpath:features/HomePage.feature
11:33:42.882 [main] DEBUG net.thucydides.core.steps.session.TestSession - SRP:SessionAddEvent: id 5cde3d71-d034-4e21-8867-50efe641618b net.serenitybdd.cucumber.events.StepFinishedWithResultEvent@162b3d47
  &amp#27;[32mWhen &amp#27;[0m&amp#27;[32mI click on the "Start a post" field&amp#27;[0m                                                     &amp#27;[90m# STARTER.stepdefinition.HomePageSteps.clickStartAPostField()&amp#27;[0m
11:33:42.885 [main] DEBUG io.cucumber.core.plugin.SerenityReporter - Running feature from classpath:features/HomePage.feature
11:33:42.885 [main] DEBUG io.cucumber.core.plugin.SerenityReporter - SRP:handleTestStepStarted  classpath:features/HomePage.feature Thread[#1,main,5,main] 5cde3d71-d034-4e21-8867-50efe641618b at line 13
11:33:42.885 [main] DEBUG net.thucydides.core.steps.session.TestSession - SRP:SessionAddEvent: id 5cde3d71-d034-4e21-8867-50efe641618b EventBusEvent STEP_STARTED_EVENT And I enter text content for my post And I enter text content for my post
11:33:42.885 [main] DEBUG net.thucydides.core.steps.session.TestSession - SRP:SessionAddEvent: id 5cde3d71-d034-4e21-8867-50efe641618b net.thucydides.core.steps.events.UpdateCurrentStepTitleEvent@783115d9
11:33:42.885 [main] DEBUG io.cucumber.core.plugin.SerenityReporter - SRP:handleTestStepFinished  classpath:features/HomePage.feature Thread[#1,main,5,main] 5cde3d71-d034-4e21-8867-50efe641618b at line 13
11:33:42.887 [main] DEBUG io.cucumber.core.plugin.SerenityReporter - Running feature from classpath:features/HomePage.feature
11:33:42.888 [main] DEBUG net.thucydides.core.steps.session.TestSession - SRP:SessionAddEvent: id 5cde3d71-d034-4e21-8867-50efe641618b net.serenitybdd.cucumber.events.StepFinishedWithResultEvent@3402b4c9
  &amp#27;[32mAnd &amp#27;[0m&amp#27;[32mI enter text content for my post&amp#27;[0m                                                         &amp#27;[90m# STARTER.stepdefinition.HomePageSteps.enterPostTextContent()&amp#27;[0m
11:33:42.888 [main] DEBUG io.cucumber.core.plugin.SerenityReporter - Running feature from classpath:features/HomePage.feature
11:33:42.888 [main] DEBUG io.cucumber.core.plugin.SerenityReporter - SRP:handleTestStepStarted  classpath:features/HomePage.feature Thread[#1,main,5,main] 5cde3d71-d034-4e21-8867-50efe641618b at line 13
11:33:42.888 [main] DEBUG net.thucydides.core.steps.session.TestSession - SRP:SessionAddEvent: id 5cde3d71-d034-4e21-8867-50efe641618b EventBusEvent STEP_STARTED_EVENT When I click the "X" button When I click the "X" button
11:33:42.888 [main] DEBUG net.thucydides.core.steps.session.TestSession - SRP:SessionAddEvent: id 5cde3d71-d034-4e21-8867-50efe641618b net.thucydides.core.steps.events.UpdateCurrentStepTitleEvent@95bb2a2
11:33:42.890 [main] DEBUG io.cucumber.core.plugin.SerenityReporter - SRP:handleTestStepFinished  classpath:features/HomePage.feature Thread[#1,main,5,main] 5cde3d71-d034-4e21-8867-50efe641618b at line 13
11:33:42.890 [main] DEBUG io.cucumber.core.plugin.SerenityReporter - Running feature from classpath:features/HomePage.feature
11:33:42.891 [main] DEBUG net.thucydides.core.steps.session.TestSession - SRP:SessionAddEvent: id 5cde3d71-d034-4e21-8867-50efe641618b net.serenitybdd.cucumber.events.StepFinishedWithResultEvent@46d567cb
  &amp#27;[32mWhen &amp#27;[0m&amp#27;[32mI click the "X" button&amp#27;[0m                                                                  &amp#27;[90m# STARTER.stepdefinition.HomePageSteps.clickDiscardButton()&amp#27;[0m
11:33:42.891 [main] DEBUG io.cucumber.core.plugin.SerenityReporter - Running feature from classpath:features/HomePage.feature
11:33:42.891 [main] DEBUG io.cucumber.core.plugin.SerenityReporter - SRP:handleTestStepStarted  classpath:features/HomePage.feature Thread[#1,main,5,main] 5cde3d71-d034-4e21-8867-50efe641618b at line 13
11:33:42.891 [main] DEBUG net.thucydides.core.steps.session.TestSession - SRP:SessionAddEvent: id 5cde3d71-d034-4e21-8867-50efe641618b EventBusEvent STEP_STARTED_EVENT Then A confirmation dialog appears asking me to confirm discarding the post or save as draft Then A confirmation dialog appears asking me to confirm discarding the post or save as draft
11:33:42.891 [main] DEBUG net.thucydides.core.steps.session.TestSession - SRP:SessionAddEvent: id 5cde3d71-d034-4e21-8867-50efe641618b net.thucydides.core.steps.events.UpdateCurrentStepTitleEvent@363a3d15
11:33:42.891 [main] DEBUG io.cucumber.core.plugin.SerenityReporter - SRP:handleTestStepFinished  classpath:features/HomePage.feature Thread[#1,main,5,main] 5cde3d71-d034-4e21-8867-50efe641618b at line 13
11:33:42.891 [main] DEBUG io.cucumber.core.plugin.SerenityReporter - Running feature from classpath:features/HomePage.feature
11:33:42.891 [main] DEBUG net.thucydides.core.steps.session.TestSession - SRP:SessionAddEvent: id 5cde3d71-d034-4e21-8867-50efe641618b net.serenitybdd.cucumber.events.StepFinishedWithResultEvent@173f73e7
  &amp#27;[32mThen &amp#27;[0m&amp#27;[32mA confirmation dialog appears asking me to confirm discarding the post or save as draft&amp#27;[0m &amp#27;[90m# STARTER.stepdefinition.HomePageSteps.verifyDiscardConfirmationDialog()&amp#27;[0m
11:33:42.891 [main] DEBUG io.cucumber.core.plugin.SerenityReporter - Running feature from classpath:features/HomePage.feature
11:33:42.891 [main] DEBUG io.cucumber.core.plugin.SerenityReporter - SRP:handleTestStepStarted  classpath:features/HomePage.feature Thread[#1,main,5,main] 5cde3d71-d034-4e21-8867-50efe641618b at line 13
11:33:42.895 [main] DEBUG net.thucydides.core.steps.session.TestSession - SRP:SessionAddEvent: id 5cde3d71-d034-4e21-8867-50efe641618b EventBusEvent STEP_STARTED_EVENT When I confirm discarding the post When I confirm discarding the post
11:33:42.895 [main] DEBUG net.thucydides.core.steps.session.TestSession - SRP:SessionAddEvent: id 5cde3d71-d034-4e21-8867-50efe641618b net.thucydides.core.steps.events.UpdateCurrentStepTitleEvent@43a51d00
11:33:42.895 [main] DEBUG io.cucumber.core.plugin.SerenityReporter - SRP:handleTestStepFinished  classpath:features/HomePage.feature Thread[#1,main,5,main] 5cde3d71-d034-4e21-8867-50efe641618b at line 13
11:33:42.895 [main] DEBUG io.cucumber.core.plugin.SerenityReporter - Running feature from classpath:features/HomePage.feature
11:33:42.896 [main] DEBUG net.thucydides.core.steps.session.TestSession - SRP:SessionAddEvent: id 5cde3d71-d034-4e21-8867-50efe641618b net.serenitybdd.cucumber.events.StepFinishedWithResultEvent@2e23c180
  &amp#27;[32mWhen &amp#27;[0m&amp#27;[32mI confirm discarding the post&amp#27;[0m                                                           &amp#27;[90m# STARTER.stepdefinition.HomePageSteps.confirmDiscardPost()&amp#27;[0m
11:33:42.896 [main] DEBUG io.cucumber.core.plugin.SerenityReporter - Running feature from classpath:features/HomePage.feature
11:33:42.896 [main] DEBUG io.cucumber.core.plugin.SerenityReporter - SRP:handleTestStepStarted  classpath:features/HomePage.feature Thread[#1,main,5,main] 5cde3d71-d034-4e21-8867-50efe641618b at line 13
11:33:42.896 [main] DEBUG net.thucydides.core.steps.session.TestSession - SRP:SessionAddEvent: id 5cde3d71-d034-4e21-8867-50efe641618b EventBusEvent STEP_STARTED_EVENT Then The post creation process is cancelled Then The post creation process is cancelled
11:33:42.896 [main] DEBUG net.thucydides.core.steps.session.TestSession - SRP:SessionAddEvent: id 5cde3d71-d034-4e21-8867-50efe641618b net.thucydides.core.steps.events.UpdateCurrentStepTitleEvent@499683c4
11:33:42.896 [main] DEBUG io.cucumber.core.plugin.SerenityReporter - SRP:handleTestStepFinished  classpath:features/HomePage.feature Thread[#1,main,5,main] 5cde3d71-d034-4e21-8867-50efe641618b at line 13
11:33:42.896 [main] DEBUG io.cucumber.core.plugin.SerenityReporter - Running feature from classpath:features/HomePage.feature
11:33:42.896 [main] DEBUG net.thucydides.core.steps.session.TestSession - SRP:SessionAddEvent: id 5cde3d71-d034-4e21-8867-50efe641618b net.serenitybdd.cucumber.events.StepFinishedWithResultEvent@25da615a
  &amp#27;[32mThen &amp#27;[0m&amp#27;[32mThe post creation process is cancelled&amp#27;[0m                                                  &amp#27;[90m# STARTER.stepdefinition.HomePageSteps.verifyPostCreationCancelled()&amp#27;[0m
11:33:42.901 [main] DEBUG io.cucumber.core.plugin.SerenityReporter - Running feature from classpath:features/HomePage.feature
11:33:42.901 [main] DEBUG io.cucumber.core.plugin.SerenityReporter - SRP:handleTestStepStarted  classpath:features/HomePage.feature Thread[#1,main,5,main] 5cde3d71-d034-4e21-8867-50efe641618b at line 13
11:33:42.901 [main] DEBUG net.thucydides.core.steps.session.TestSession - SRP:SessionAddEvent: id 5cde3d71-d034-4e21-8867-50efe641618b EventBusEvent STEP_STARTED_EVENT And I am returned to the LinkedIn homepage without the post being published And I am returned to the LinkedIn homepage without the post being published
11:33:42.901 [main] DEBUG net.thucydides.core.steps.session.TestSession - SRP:SessionAddEvent: id 5cde3d71-d034-4e21-8867-50efe641618b net.thucydides.core.steps.events.UpdateCurrentStepTitleEvent@4efc25fc
11:33:42.901 [main] DEBUG io.cucumber.core.plugin.SerenityReporter - SRP:handleTestStepFinished  classpath:features/HomePage.feature Thread[#1,main,5,main] 5cde3d71-d034-4e21-8867-50efe641618b at line 13
11:33:42.901 [main] DEBUG io.cucumber.core.plugin.SerenityReporter - Running feature from classpath:features/HomePage.feature
11:33:42.901 [main] DEBUG net.thucydides.core.steps.session.TestSession - SRP:SessionAddEvent: id 5cde3d71-d034-4e21-8867-50efe641618b net.serenitybdd.cucumber.events.StepFinishedWithResultEvent@7ee3d262
  &amp#27;[32mAnd &amp#27;[0m&amp#27;[32mI am returned to the LinkedIn homepage without the post being published&amp#27;[0m                  &amp#27;[90m# STARTER.stepdefinition.HomePageSteps.verifyReturnedToHomePage()&amp#27;[0m
11:33:42.901 [main] DEBUG io.cucumber.core.plugin.SerenityReporter - SRP:handleTestCaseFinished  classpath:features/HomePage.feature Thread[#1,main,5,main] 5cde3d71-d034-4e21-8867-50efe641618b at line 13
11:33:42.901 [main] DEBUG io.cucumber.core.plugin.SerenityReporter - Running feature from classpath:features/HomePage.feature
11:33:42.901 [main] DEBUG net.thucydides.core.steps.session.TestSession - SRP:SessionAddEvent: id 5cde3d71-d034-4e21-8867-50efe641618b EventBusEvent TEST_FINISHED_EVENT  false scenario Create Post;cancel-post-creation
11:33:42.901 [main] DEBUG net.thucydides.core.steps.session.TestSession - SRP:SessionEnd: id 5cde3d71-d034-4e21-8867-50efe641618b
]]></system-out>
  </testcase>
  <testcase name="Successful Registration" classname="New User Registration" time="0.058">
    <system-out><![CDATA[11:33:42.901 [main] DEBUG io.cucumber.core.plugin.SerenityReporter - SRP:handleTestSourceRead Thread[#1,main,5,main]
11:33:42.901 [main] DEBUG io.cucumber.core.plugin.SerenityReporter - Running feature from classpath:features/Register.feature
11:33:42.901 [main] DEBUG net.thucydides.core.steps.StepEventBus - Test suite started for story net.thucydides.model.domain.Story@507b060b
11:33:42.901 [main] INFO  - Test Suite Started: New User Registration
11:33:42.922 [main] DEBUG io.cucumber.core.plugin.SerenityReporter - SRP:handleTestCaseStarted classpath:features/Register.feature Thread[#1,main,5,main] 09a6320e-484a-4de6-8650-b8481b11e76a at line 6
11:33:42.922 [main] DEBUG net.thucydides.core.steps.session.TestSession - SRP:SessionStart: id 09a6320e-484a-4de6-8650-b8481b11e76a
11:33:42.922 [main] DEBUG io.cucumber.core.plugin.SerenityReporter - Running feature from classpath:features/Register.feature
11:33:42.931 [main] DEBUG io.cucumber.core.plugin.ScenarioContextParallel - SRP:addHighPriorityStepEventBusEvent net.thucydides.core.steps.events.SetTestSourceEvent@6009bea Thread[#1,main,5,main] New User Registration;successful-registration
11:33:42.931 [main] DEBUG io.cucumber.core.plugin.SerenityReporter - SRP:startScenario classpath:features/Register.feature Thread[#1,main,5,main] 09a6320e-484a-4de6-8650-b8481b11e76a at line 6
11:33:42.931 [main] DEBUG io.cucumber.core.plugin.ScenarioContextParallel - SRP:addHighPriorityStepEventBusEvent EventBusEvent TEST_STARTED_EVENT with name Successful Registration new-user-registration;successful-registration Thread[#1,main,5,main] New User Registration;successful-registration
11:33:42.931 [main] DEBUG net.thucydides.core.steps.session.TestSession - SRP:SessionAddEvent: id 09a6320e-484a-4de6-8650-b8481b11e76a net.thucydides.core.steps.events.AddDescriptionToCurrentTestEvent@7bc6d27a
11:33:42.931 [main] DEBUG net.thucydides.core.steps.session.TestSession - SRP:SessionAddEvent: id 09a6320e-484a-4de6-8650-b8481b11e76a EventBusEvent ADD_TAGS_TO_CURRENT_TEST_EVENT []
11:33:42.931 [main] DEBUG net.thucydides.core.steps.session.TestSession - SRP:SessionAddEvent: id 09a6320e-484a-4de6-8650-b8481b11e76a EventBusEvent ADD_TAGS_TO_CURRENT_TEST_EVENT []
11:33:42.931 [main] DEBUG net.thucydides.core.steps.session.TestSession - SRP:SessionAddEvent: id 09a6320e-484a-4de6-8650-b8481b11e76a EventBusEvent ADD_TAGS_TO_CURRENT_TEST_EVENT []

Scenario: Successful Registration                     &amp#27;[90m# features/Register.feature:6&amp#27;[0m
11:33:42.935 [main] DEBUG io.cucumber.core.plugin.SerenityReporter - Running feature from classpath:features/Register.feature
11:33:42.935 [main] DEBUG io.cucumber.core.plugin.SerenityReporter - SRP:handleTestStepStarted  classpath:features/Register.feature Thread[#1,main,5,main] 09a6320e-484a-4de6-8650-b8481b11e76a at line 6
11:33:42.944 [main] DEBUG net.thucydides.core.steps.session.TestSession - SRP:SessionAddEvent: id 09a6320e-484a-4de6-8650-b8481b11e76a EventBusEvent STEP_STARTED_EVENT Given I am on the LinkedIn registration page Given I am on the LinkedIn registration page
11:33:42.944 [main] DEBUG net.thucydides.core.steps.session.TestSession - SRP:SessionAddEvent: id 09a6320e-484a-4de6-8650-b8481b11e76a net.thucydides.core.steps.events.UpdateCurrentStepTitleEvent@431f1eaf
11:33:42.944 [main] DEBUG io.cucumber.core.plugin.SerenityReporter - SRP:handleTestStepFinished  classpath:features/Register.feature Thread[#1,main,5,main] 09a6320e-484a-4de6-8650-b8481b11e76a at line 6
11:33:42.944 [main] DEBUG io.cucumber.core.plugin.SerenityReporter - Running feature from classpath:features/Register.feature
11:33:42.950 [main] DEBUG net.thucydides.core.steps.session.TestSession - SRP:SessionAddEvent: id 09a6320e-484a-4de6-8650-b8481b11e76a net.serenitybdd.cucumber.events.StepFinishedWithResultEvent@56078cea
  &amp#27;[32mGiven &amp#27;[0m&amp#27;[32mI am on the LinkedIn registration page&amp#27;[0m        &amp#27;[90m# STARTER.stepdefinition.RegisterSteps.onLinkedInRegistrationPage()&amp#27;[0m
11:33:42.950 [main] DEBUG io.cucumber.core.plugin.SerenityReporter - Running feature from classpath:features/Register.feature
11:33:42.950 [main] DEBUG io.cucumber.core.plugin.SerenityReporter - SRP:handleTestStepStarted  classpath:features/Register.feature Thread[#1,main,5,main] 09a6320e-484a-4de6-8650-b8481b11e76a at line 6
11:33:42.950 [main] DEBUG net.thucydides.core.steps.session.TestSession - SRP:SessionAddEvent: id 09a6320e-484a-4de6-8650-b8481b11e76a EventBusEvent STEP_STARTED_EVENT When I enters all required registration information When I enters all required registration information
11:33:42.950 [main] DEBUG net.thucydides.core.steps.session.TestSession - SRP:SessionAddEvent: id 09a6320e-484a-4de6-8650-b8481b11e76a net.thucydides.core.steps.events.UpdateCurrentStepTitleEvent@5a00eb1e
11:33:42.950 [main] DEBUG io.cucumber.core.plugin.SerenityReporter - SRP:handleTestStepFinished  classpath:features/Register.feature Thread[#1,main,5,main] 09a6320e-484a-4de6-8650-b8481b11e76a at line 6
11:33:42.950 [main] DEBUG io.cucumber.core.plugin.SerenityReporter - Running feature from classpath:features/Register.feature
11:33:42.950 [main] DEBUG net.thucydides.core.steps.session.TestSession - SRP:SessionAddEvent: id 09a6320e-484a-4de6-8650-b8481b11e76a net.serenitybdd.cucumber.events.StepFinishedWithResultEvent@36fcf6c0
  &amp#27;[32mWhen &amp#27;[0m&amp#27;[32mI enters all required registration information&amp#27;[0m &amp#27;[90m# STARTER.stepdefinition.RegisterSteps.enterRegistrationInfo()&amp#27;[0m
11:33:42.950 [main] DEBUG io.cucumber.core.plugin.SerenityReporter - Running feature from classpath:features/Register.feature
11:33:42.950 [main] DEBUG io.cucumber.core.plugin.SerenityReporter - SRP:handleTestStepStarted  classpath:features/Register.feature Thread[#1,main,5,main] 09a6320e-484a-4de6-8650-b8481b11e76a at line 6
11:33:42.967 [main] DEBUG net.thucydides.core.steps.session.TestSession - SRP:SessionAddEvent: id 09a6320e-484a-4de6-8650-b8481b11e76a EventBusEvent STEP_STARTED_EVENT And I clicks the "Join Now" button And I clicks the "Join Now" button
11:33:42.967 [main] DEBUG net.thucydides.core.steps.session.TestSession - SRP:SessionAddEvent: id 09a6320e-484a-4de6-8650-b8481b11e76a net.thucydides.core.steps.events.UpdateCurrentStepTitleEvent@1aac188d
11:33:42.968 [main] DEBUG io.cucumber.core.plugin.SerenityReporter - SRP:handleTestStepFinished  classpath:features/Register.feature Thread[#1,main,5,main] 09a6320e-484a-4de6-8650-b8481b11e76a at line 6
11:33:42.968 [main] DEBUG io.cucumber.core.plugin.SerenityReporter - Running feature from classpath:features/Register.feature
11:33:42.968 [main] DEBUG net.thucydides.core.steps.session.TestSession - SRP:SessionAddEvent: id 09a6320e-484a-4de6-8650-b8481b11e76a net.serenitybdd.cucumber.events.StepFinishedWithResultEvent@7026b7ee
  &amp#27;[32mAnd &amp#27;[0m&amp#27;[32mI clicks the "Join Now" button&amp#27;[0m                  &amp#27;[90m# STARTER.stepdefinition.RegisterSteps.clickJoinNowButton()&amp#27;[0m
11:33:42.969 [main] DEBUG io.cucumber.core.plugin.SerenityReporter - Running feature from classpath:features/Register.feature
11:33:42.969 [main] DEBUG io.cucumber.core.plugin.SerenityReporter - SRP:handleTestStepStarted  classpath:features/Register.feature Thread[#1,main,5,main] 09a6320e-484a-4de6-8650-b8481b11e76a at line 6
11:33:42.970 [main] DEBUG net.thucydides.core.steps.session.TestSession - SRP:SessionAddEvent: id 09a6320e-484a-4de6-8650-b8481b11e76a EventBusEvent STEP_STARTED_EVENT Then I LinkedIn account is successfully created Then I LinkedIn account is successfully created
11:33:42.970 [main] DEBUG net.thucydides.core.steps.session.TestSession - SRP:SessionAddEvent: id 09a6320e-484a-4de6-8650-b8481b11e76a net.thucydides.core.steps.events.UpdateCurrentStepTitleEvent@2d23faef
11:33:42.970 [main] DEBUG io.cucumber.core.plugin.SerenityReporter - SRP:handleTestStepFinished  classpath:features/Register.feature Thread[#1,main,5,main] 09a6320e-484a-4de6-8650-b8481b11e76a at line 6
11:33:42.970 [main] DEBUG io.cucumber.core.plugin.SerenityReporter - Running feature from classpath:features/Register.feature
11:33:42.972 [main] DEBUG net.thucydides.core.steps.session.TestSession - SRP:SessionAddEvent: id 09a6320e-484a-4de6-8650-b8481b11e76a net.serenitybdd.cucumber.events.StepFinishedWithResultEvent@7cb8437d
  &amp#27;[32mThen &amp#27;[0m&amp#27;[32mI LinkedIn account is successfully created&amp#27;[0m     &amp#27;[90m# STARTER.stepdefinition.RegisterSteps.accountCreatedSuccessfully()&amp#27;[0m
11:33:42.972 [main] DEBUG io.cucumber.core.plugin.SerenityReporter - SRP:handleTestCaseFinished  classpath:features/Register.feature Thread[#1,main,5,main] 09a6320e-484a-4de6-8650-b8481b11e76a at line 6
11:33:42.972 [main] DEBUG io.cucumber.core.plugin.SerenityReporter - Running feature from classpath:features/Register.feature
11:33:42.972 [main] DEBUG net.thucydides.core.steps.session.TestSession - SRP:SessionAddEvent: id 09a6320e-484a-4de6-8650-b8481b11e76a EventBusEvent TEST_FINISHED_EVENT  false scenario New User Registration;successful-registration
11:33:42.972 [main] DEBUG net.thucydides.core.steps.session.TestSession - SRP:SessionEnd: id 09a6320e-484a-4de6-8650-b8481b11e76a
]]></system-out>
  </testcase>
  <testcase name="Failed Registration - Email Already In Use" classname="New User Registration" time="0.05">
    <system-out><![CDATA[11:33:42.995 [main] DEBUG io.cucumber.core.plugin.SerenityReporter - SRP:handleTestCaseStarted classpath:features/Register.feature Thread[#1,main,5,main] 8fcf464d-66e7-459d-8522-4c5b8defcae9 at line 12
11:33:43.001 [main] DEBUG net.thucydides.core.steps.session.TestSession - SRP:SessionStart: id 8fcf464d-66e7-459d-8522-4c5b8defcae9
11:33:43.001 [main] DEBUG io.cucumber.core.plugin.SerenityReporter - Running feature from classpath:features/Register.feature
11:33:43.001 [main] DEBUG io.cucumber.core.plugin.ScenarioContextParallel - SRP:addHighPriorityStepEventBusEvent net.thucydides.core.steps.events.SetTestSourceEvent@55e3d6c3 Thread[#1,main,5,main] New User Registration;failed-registration---email-already-in-use
11:33:43.001 [main] DEBUG io.cucumber.core.plugin.SerenityReporter - SRP:startScenario classpath:features/Register.feature Thread[#1,main,5,main] 8fcf464d-66e7-459d-8522-4c5b8defcae9 at line 12
11:33:43.001 [main] DEBUG io.cucumber.core.plugin.ScenarioContextParallel - SRP:addHighPriorityStepEventBusEvent EventBusEvent TEST_STARTED_EVENT with name Failed Registration - Email Already In Use new-user-registration;failed-registration---email-already-in-use Thread[#1,main,5,main] New User Registration;failed-registration---email-already-in-use
11:33:43.001 [main] DEBUG net.thucydides.core.steps.session.TestSession - SRP:SessionAddEvent: id 8fcf464d-66e7-459d-8522-4c5b8defcae9 net.thucydides.core.steps.events.AddDescriptionToCurrentTestEvent@30e6a763
11:33:43.001 [main] DEBUG net.thucydides.core.steps.session.TestSession - SRP:SessionAddEvent: id 8fcf464d-66e7-459d-8522-4c5b8defcae9 EventBusEvent ADD_TAGS_TO_CURRENT_TEST_EVENT []
11:33:43.001 [main] DEBUG net.thucydides.core.steps.session.TestSession - SRP:SessionAddEvent: id 8fcf464d-66e7-459d-8522-4c5b8defcae9 EventBusEvent ADD_TAGS_TO_CURRENT_TEST_EVENT []
11:33:43.001 [main] DEBUG net.thucydides.core.steps.session.TestSession - SRP:SessionAddEvent: id 8fcf464d-66e7-459d-8522-4c5b8defcae9 EventBusEvent ADD_TAGS_TO_CURRENT_TEST_EVENT []

Scenario: Failed Registration - Email Already In Use                                                      &amp#27;[90m# features/Register.feature:12&amp#27;[0m
11:33:43.001 [main] DEBUG io.cucumber.core.plugin.SerenityReporter - Running feature from classpath:features/Register.feature
11:33:43.001 [main] DEBUG io.cucumber.core.plugin.SerenityReporter - SRP:handleTestStepStarted  classpath:features/Register.feature Thread[#1,main,5,main] 8fcf464d-66e7-459d-8522-4c5b8defcae9 at line 12
11:33:43.001 [main] DEBUG net.thucydides.core.steps.session.TestSession - SRP:SessionAddEvent: id 8fcf464d-66e7-459d-8522-4c5b8defcae9 EventBusEvent STEP_STARTED_EVENT Given I am on the LinkedIn registration page Given I am on the LinkedIn registration page
11:33:43.001 [main] DEBUG net.thucydides.core.steps.session.TestSession - SRP:SessionAddEvent: id 8fcf464d-66e7-459d-8522-4c5b8defcae9 net.thucydides.core.steps.events.UpdateCurrentStepTitleEvent@213c3543
11:33:43.020 [main] DEBUG io.cucumber.core.plugin.SerenityReporter - SRP:handleTestStepFinished  classpath:features/Register.feature Thread[#1,main,5,main] 8fcf464d-66e7-459d-8522-4c5b8defcae9 at line 12
11:33:43.020 [main] DEBUG io.cucumber.core.plugin.SerenityReporter - Running feature from classpath:features/Register.feature
11:33:43.020 [main] DEBUG net.thucydides.core.steps.session.TestSession - SRP:SessionAddEvent: id 8fcf464d-66e7-459d-8522-4c5b8defcae9 net.serenitybdd.cucumber.events.StepFinishedWithResultEvent@f096f37
  &amp#27;[32mGiven &amp#27;[0m&amp#27;[32mI am on the LinkedIn registration page&amp#27;[0m                                                            &amp#27;[90m# STARTER.stepdefinition.RegisterSteps.onLinkedInRegistrationPage()&amp#27;[0m
11:33:43.020 [main] DEBUG io.cucumber.core.plugin.SerenityReporter - Running feature from classpath:features/Register.feature
11:33:43.020 [main] DEBUG io.cucumber.core.plugin.SerenityReporter - SRP:handleTestStepStarted  classpath:features/Register.feature Thread[#1,main,5,main] 8fcf464d-66e7-459d-8522-4c5b8defcae9 at line 12
11:33:43.020 [main] DEBUG net.thucydides.core.steps.session.TestSession - SRP:SessionAddEvent: id 8fcf464d-66e7-459d-8522-4c5b8defcae9 EventBusEvent STEP_STARTED_EVENT When I enters registration information with an already registered email address When I enters registration information with an already registered email address
11:33:43.020 [main] DEBUG net.thucydides.core.steps.session.TestSession - SRP:SessionAddEvent: id 8fcf464d-66e7-459d-8522-4c5b8defcae9 net.thucydides.core.steps.events.UpdateCurrentStepTitleEvent@3effd4f3
11:33:43.020 [main] DEBUG io.cucumber.core.plugin.SerenityReporter - SRP:handleTestStepFinished  classpath:features/Register.feature Thread[#1,main,5,main] 8fcf464d-66e7-459d-8522-4c5b8defcae9 at line 12
11:33:43.020 [main] DEBUG io.cucumber.core.plugin.SerenityReporter - Running feature from classpath:features/Register.feature
11:33:43.026 [main] DEBUG net.thucydides.core.steps.session.TestSession - SRP:SessionAddEvent: id 8fcf464d-66e7-459d-8522-4c5b8defcae9 net.serenitybdd.cucumber.events.StepFinishedWithResultEvent@41f4fe5
  &amp#27;[32mWhen &amp#27;[0m&amp#27;[32mI enters registration information with an already registered email address&amp#27;[0m                         &amp#27;[90m# STARTER.stepdefinition.RegisterSteps.enterInfoWithUsedEmail()&amp#27;[0m
11:33:43.026 [main] DEBUG io.cucumber.core.plugin.SerenityReporter - Running feature from classpath:features/Register.feature
11:33:43.026 [main] DEBUG io.cucumber.core.plugin.SerenityReporter - SRP:handleTestStepStarted  classpath:features/Register.feature Thread[#1,main,5,main] 8fcf464d-66e7-459d-8522-4c5b8defcae9 at line 12
11:33:43.026 [main] DEBUG net.thucydides.core.steps.session.TestSession - SRP:SessionAddEvent: id 8fcf464d-66e7-459d-8522-4c5b8defcae9 EventBusEvent STEP_STARTED_EVENT And I clicks the "Join Now" button And I clicks the "Join Now" button
11:33:43.026 [main] DEBUG net.thucydides.core.steps.session.TestSession - SRP:SessionAddEvent: id 8fcf464d-66e7-459d-8522-4c5b8defcae9 net.thucydides.core.steps.events.UpdateCurrentStepTitleEvent@15f8701f
11:33:43.026 [main] DEBUG io.cucumber.core.plugin.SerenityReporter - SRP:handleTestStepFinished  classpath:features/Register.feature Thread[#1,main,5,main] 8fcf464d-66e7-459d-8522-4c5b8defcae9 at line 12
11:33:43.026 [main] DEBUG io.cucumber.core.plugin.SerenityReporter - Running feature from classpath:features/Register.feature
11:33:43.029 [main] DEBUG net.thucydides.core.steps.session.TestSession - SRP:SessionAddEvent: id 8fcf464d-66e7-459d-8522-4c5b8defcae9 net.serenitybdd.cucumber.events.StepFinishedWithResultEvent@514cd540
  &amp#27;[32mAnd &amp#27;[0m&amp#27;[32mI clicks the "Join Now" button&amp#27;[0m                                                                      &amp#27;[90m# STARTER.stepdefinition.RegisterSteps.clickJoinNowButton()&amp#27;[0m
11:33:43.029 [main] DEBUG io.cucumber.core.plugin.SerenityReporter - Running feature from classpath:features/Register.feature
11:33:43.029 [main] DEBUG io.cucumber.core.plugin.SerenityReporter - SRP:handleTestStepStarted  classpath:features/Register.feature Thread[#1,main,5,main] 8fcf464d-66e7-459d-8522-4c5b8defcae9 at line 12
11:33:43.029 [main] DEBUG net.thucydides.core.steps.session.TestSession - SRP:SessionAddEvent: id 8fcf464d-66e7-459d-8522-4c5b8defcae9 EventBusEvent STEP_STARTED_EVENT Then I should see the system displays an error message stating that the email address is already in use Then I should see the system displays an error message stating that the email address is already in use
11:33:43.029 [main] DEBUG net.thucydides.core.steps.session.TestSession - SRP:SessionAddEvent: id 8fcf464d-66e7-459d-8522-4c5b8defcae9 net.thucydides.core.steps.events.UpdateCurrentStepTitleEvent@11d4dbd6
11:33:43.029 [main] DEBUG io.cucumber.core.plugin.SerenityReporter - SRP:handleTestStepFinished  classpath:features/Register.feature Thread[#1,main,5,main] 8fcf464d-66e7-459d-8522-4c5b8defcae9 at line 12
11:33:43.029 [main] DEBUG io.cucumber.core.plugin.SerenityReporter - Running feature from classpath:features/Register.feature
11:33:43.029 [main] DEBUG net.thucydides.core.steps.session.TestSession - SRP:SessionAddEvent: id 8fcf464d-66e7-459d-8522-4c5b8defcae9 net.serenitybdd.cucumber.events.StepFinishedWithResultEvent@6f4ade6e
  &amp#27;[32mThen &amp#27;[0m&amp#27;[32mI should see the system displays an error message stating that the email address is already in use&amp#27;[0m &amp#27;[90m# STARTER.stepdefinition.RegisterSteps.verifyErrorMessage()&amp#27;[0m
11:33:43.029 [main] DEBUG io.cucumber.core.plugin.SerenityReporter - SRP:handleTestCaseFinished  classpath:features/Register.feature Thread[#1,main,5,main] 8fcf464d-66e7-459d-8522-4c5b8defcae9 at line 12
11:33:43.029 [main] DEBUG io.cucumber.core.plugin.SerenityReporter - Running feature from classpath:features/Register.feature
11:33:43.032 [main] DEBUG net.thucydides.core.steps.session.TestSession - SRP:SessionAddEvent: id 8fcf464d-66e7-459d-8522-4c5b8defcae9 EventBusEvent TEST_FINISHED_EVENT  false scenario New User Registration;failed-registration---email-already-in-use
11:33:43.032 [main] DEBUG net.thucydides.core.steps.session.TestSession - SRP:SessionEnd: id 8fcf464d-66e7-459d-8522-4c5b8defcae9
]]></system-out>
  </testcase>
</testsuite>